### ISSUE TITLE
SIGSEGV due to a self modified jit code

### ISSUE THREAD

**Issue by gromero** [gromero/panoptica#5]
A JIT code can also modify itself. For instance, below there is a jited code that adds `%eax` to `(%rax)`. Since `rax` contains the own start address of the codecache (i.e. **0x00007ffff7ff5000**) after the executing the addtition a `push %rdi` is generated replacing the previous `add %al, (%rax)`. Since `rdi` is equal to **1**, after `retq` is executed the code jumps to address 0x1, causing a SIGSEGV. Thus that exemplifies the case where a SIGSEGV can be caused by a self modified jit code, yet to be covered in the code.

```
0x00007ffff7ff5000 in ?? ()
(gdb) x/4i 0x00007ffff7ff5000
=> 0x7ffff7ff5000:  add    %eax,(%rax)
   0x7ffff7ff5002:  add    %al,(%rax)
   0x7ffff7ff5004:  retq   
   0x7ffff7ff5005:  add    %al,(%rax)
(gdb) x/4i 0x00007ffff7ff5002
   0x7ffff7ff5002:  add    %al,(%rax)
   0x7ffff7ff5004:  retq   
   0x7ffff7ff5005:  add    %al,(%rax)
   0x7ffff7ff5007:  add    %al,(%rax)
(gdb) info reg rax edi
rax            0x7ffff7ff5000   140737354092544
edi            0x1  1
(gdb) si
0x00007ffff7ff5002 in ?? ()
(gdb) x/4i 0x00007ffff7ff5000
   0x7ffff7ff5000:  add    %edx,-0x1(%rax)
   0x7ffff7ff5003:  test   $0x0,%ebx
   0x7ffff7ff5009:  add    %al,(%rax)
   0x7ffff7ff500b:  add    %al,(%rax)
(gdb) info reg pc
pc             0x7ffff7ff5002   0x7ffff7ff5002
(gdb) x/4i 0x00007ffff7ff5002
=> 0x7ffff7ff5002:  push   %rdi
   0x7ffff7ff5004:  retq   
   0x7ffff7ff5005:  add    %al,(%rax)
   0x7ffff7ff5007:  add    %al,(%rax)
(gdb) info reg rdi
rdi            0x1  1
```
